0 info it worked if it ends with ok
1 verbose cli [ '/usr/local/Cellar/node/5.3.0/bin/node',
1 verbose cli   '/usr/local/bin/npm',
1 verbose cli   'install' ]
2 info using npm@3.3.12
3 info using node@v5.3.0
4 silly loadCurrentTree Starting
5 silly install loadCurrentTree
6 silly install readLocalPackageData
7 silly install normalizeTree
8 silly loadCurrentTree Finishing
9 silly loadIdealTree Starting
10 silly install loadIdealTree
11 silly cloneCurrentTree Starting
12 silly install cloneCurrentTreeToIdealTree
13 silly cloneCurrentTree Finishing
14 silly loadShrinkwrap Starting
15 silly install loadShrinkwrap
16 silly loadShrinkwrap Finishing
17 silly loadAllDepsIntoIdealTree Starting
18 silly install loadAllDepsIntoIdealTree
19 silly fetchNamedPackageData webpack
20 silly mapToRegistry name webpack
21 silly mapToRegistry using default registry
22 silly mapToRegistry registry https://registry.npmjs.org/
23 silly mapToRegistry uri https://registry.npmjs.org/webpack
24 verbose request uri https://registry.npmjs.org/webpack
25 verbose request no auth needed
26 info attempt registry request try #1 at 8:58:25 PM
27 verbose request id cf009fdea0811fce
28 verbose etag "ARDIKEX473M6MUPTE025XWA90"
29 http request GET https://registry.npmjs.org/webpack
30 http 304 https://registry.npmjs.org/webpack
31 verbose headers { date: 'Sat, 02 Jan 2016 04:58:25 GMT',
31 verbose headers   via: '1.1 varnish',
31 verbose headers   'cache-control': 'max-age=300',
31 verbose headers   etag: '"ARDIKEX473M6MUPTE025XWA90"',
31 verbose headers   age: '54',
31 verbose headers   connection: 'keep-alive',
31 verbose headers   'x-served-by': 'cache-sjc3121-SJC',
31 verbose headers   'x-cache': 'HIT',
31 verbose headers   'x-cache-hits': '1',
31 verbose headers   'x-timer': 'S1451710705.669206,VS0,VE4',
31 verbose headers   vary: 'Accept' }
32 silly get cb [ 304,
32 silly get   { date: 'Sat, 02 Jan 2016 04:58:25 GMT',
32 silly get     via: '1.1 varnish',
32 silly get     'cache-control': 'max-age=300',
32 silly get     etag: '"ARDIKEX473M6MUPTE025XWA90"',
32 silly get     age: '54',
32 silly get     connection: 'keep-alive',
32 silly get     'x-served-by': 'cache-sjc3121-SJC',
32 silly get     'x-cache': 'HIT',
32 silly get     'x-cache-hits': '1',
32 silly get     'x-timer': 'S1451710705.669206,VS0,VE4',
32 silly get     vary: 'Accept' } ]
33 verbose etag https://registry.npmjs.org/webpack from cache
34 verbose get saving webpack to /Users/cwhitfield/.npm/registry.npmjs.org/webpack/.cache.json
35 silly fetchPackageMetaData Error: No compatible version found: webpack@^1.13.0
35 silly fetchPackageMetaData Valid install targets:
35 silly fetchPackageMetaData 2.0.2-beta, 2.0.1-beta, 2.0.0-beta, 1.12.9, 1.12.8, 1.12.7, 1.12.6, 1.12.5, 1.12.4, 1.12.3, 1.12.2, 1.12.1, 1.12.0, 1.11.0, 1.10.5, 1.10.4, 1.10.3, 1.10.2, 1.10.1, 1.10.0, 1.9.13, 1.9.12, 1.9.11, 1.9.10, 1.9.9, 1.9.8, 1.9.7, 1.9.6, 1.9.5, 1.9.4, 1.9.3, 1.9.2, 1.9.1, 1.9.0, 1.8.11, 1.8.10, 1.8.9, 1.8.8, 1.8.7, 1.8.6, 1.8.5, 1.8.4, 1.8.3, 1.8.2, 1.8.1, 1.8.0, 1.7.3, 1.7.2, 1.7.1, 1.7.0, 1.6.0, 1.5.3, 1.5.2, 1.5.1, 1.5.0, 1.4.15, 1.4.14, 1.4.13, 1.4.12, 1.4.11, 1.4.10, 1.4.9, 1.4.8, 1.4.7, 1.4.6, 1.4.5, 1.4.4, 1.4.3, 1.4.2, 1.4.1-beta1, 1.4.0-beta9, 1.4.0-beta8, 1.4.0-beta7, 1.4.0-beta6, 1.4.0-beta5, 1.4.0-beta4, 1.4.0-beta3, 1.4.0-beta2, 1.4.0-beta10, 1.4.0-beta1, 1.3.7, 1.3.6, 1.3.5, 1.3.4, 1.3.3-beta2, 1.3.3-beta1, 1.3.2-beta9, 1.3.2-beta8, 1.3.2-beta7, 1.3.2-beta6, 1.3.2-beta5, 1.3.2-beta4, 1.3.2-beta3, 1.3.2-beta2, 1.3.2-beta1, 1.3.1-beta9, 1.3.1-beta8, 1.3.1-beta7, 1.3.1-beta6, 1.3.1-beta5, 1.3.1-beta4, 1.3.1-beta3, 1.3.1-beta2, 1.3.1-beta1, 1.3.0-beta9, 1.3.0-beta8, 1.3.0-beta7, 1.3.0-beta6, 1.3.0-beta5, 1.3.0-beta4, 1.3.0-beta3, 1.3.0-beta2, 1.3.0-beta1, 1.2.0-beta6, 1.2.0-beta5, 1.2.0-beta4, 1.2.0-beta2, 1.2.0-beta1, 1.1.11, 1.1.10, 1.1.9, 1.1.8, 1.1.7, 1.1.6, 1.1.5, 1.1.4, 1.1.3, 1.1.2, 1.1.1, 1.1.0, 1.1.0-beta9, 1.1.0-beta8, 1.1.0-beta7, 1.1.0-beta6, 1.1.0-beta5, 1.1.0-beta4, 1.1.0-beta3, 1.1.0-beta2, 1.1.0-beta12, 1.1.0-beta10, 1.1.0-beta1, 1.0.5, 1.0.4, 1.0.3, 1.0.1, 1.0.0, 1.0.0-rc9, 1.0.0-rc8, 1.0.0-rc7, 1.0.0-rc5, 1.0.0-rc4, 1.0.0-rc3, 1.0.0-rc2, 1.0.0-rc12, 1.0.0-rc11, 1.0.0-rc1, 1.0.0-beta9, 1.0.0-beta8, 1.0.0-beta7, 1.0.0-beta6, 1.0.0-beta5, 1.0.0-beta4, 1.0.0-beta3, 1.0.0-beta2, 1.0.0-beta1, 0.11.18, 0.11.17, 0.11.16, 0.11.15, 0.11.14, 0.11.13, 0.11.12, 0.11.11, 0.11.10, 0.11.9, 0.11.8, 0.11.7, 0.11.6, 0.11.5, 0.11.4, 0.11.3, 0.11.2, 0.11.1, 0.11.0, 0.11.0-beta9, 0.11.0-beta8, 0.11.0-beta7, 0.11.0-beta6, 0.11.0-beta5, 0.11.0-beta4, 0.11.0-beta3, 0.11.0-beta29, 0.11.0-beta28, 0.11.0-beta27, 0.11.0-beta26, 0.11.0-beta25, 0.11.0-beta24, 0.11.0-beta23, 0.11.0-beta22, 0.11.0-beta21, 0.11.0-beta20, 0.11.0-beta2, 0.11.0-beta19, 0.11.0-beta18, 0.11.0-beta17, 0.11.0-beta16, 0.11.0-beta15, 0.11.0-beta14, 0.11.0-beta13, 0.11.0-beta12, 0.11.0-beta11, 0.11.0-beta10, 0.11.0-beta1, 0.10.0, 0.10.0-beta9, 0.10.0-beta8, 0.10.0-beta7, 0.10.0-beta6, 0.10.0-beta5, 0.10.0-beta3, 0.10.0-beta25, 0.10.0-beta24, 0.10.0-beta23, 0.10.0-beta22, 0.10.0-beta21, 0.10.0-beta20, 0.10.0-beta2, 0.10.0-beta19, 0.10.0-beta18, 0.10.0-beta17, 0.10.0-beta16, 0.10.0-beta15, 0.10.0-beta14, 0.10.0-beta13, 0.10.0-beta12, 0.10.0-beta11, 0.10.0-beta10, 0.9.3, 0.9.2, 0.9.1, 0.9.0, 0.9.0-beta9, 0.9.0-beta8, 0.9.0-beta7, 0.9.0-beta6, 0.9.0-beta5, 0.9.0-beta4, 0.9.0-beta38, 0.9.0-beta37, 0.9.0-beta36, 0.9.0-beta35, 0.9.0-beta34, 0.9.0-beta33, 0.9.0-beta32, 0.9.0-beta31, 0.9.0-beta30, 0.9.0-beta29, 0.9.0-beta28, 0.9.0-beta27, 0.9.0-beta26, 0.9.0-beta25, 0.9.0-beta24, 0.9.0-beta23, 0.9.0-beta22, 0.9.0-beta21, 0.9.0-beta20, 0.9.0-beta2, 0.9.0-beta19, 0.9.0-beta18, 0.9.0-beta17, 0.9.0-beta16, 0.9.0-beta15, 0.9.0-beta14, 0.9.0-beta13, 0.9.0-beta12, 0.9.0-beta11, 0.9.0-beta10, 0.9.0-beta1, 0.8.3, 0.8.2, 0.8.0, 0.8.0-beta4, 0.8.0-beta3, 0.8.0-beta2, 0.8.0-beta1, 0.7.17, 0.7.16, 0.7.15, 0.7.14, 0.7.13, 0.7.12, 0.7.11, 0.7.9, 0.7.8, 0.7.7, 0.7.6, 0.7.5, 0.7.4, 0.7.3, 0.7.2, 0.7.1, 0.7.0, 0.7.0-beta8, 0.7.0-beta7, 0.7.0-beta6, 0.7.0-beta5, 0.7.0-beta4, 0.7.0-beta3, 0.7.0-beta2, 0.7.0-beta, 0.6.2, 0.6.1, 0.6.0, 0.5.10, 0.5.8, 0.5.7, 0.5.6, 0.5.5, 0.5.4, 0.5.3, 0.5.2, 0.5.1, 0.5.0, 0.4.25, 0.4.24, 0.4.23, 0.4.21, 0.4.20, 0.4.19, 0.4.18, 0.4.17, 0.4.16, 0.4.15, 0.4.14, 0.4.13, 0.4.12, 0.4.11, 0.4.10, 0.4.9, 0.4.8, 0.4.7, 0.4.6, 0.4.5, 0.4.4, 0.4.3, 0.4.2, 0.4.1, 0.4.0, 0.3.20, 0.3.19, 0.3.18, 0.3.17, 0.3.16, 0.3.15, 0.3.14, 0.3.13, 0.3.12, 0.3.11, 0.3.10, 0.3.9, 0.3.8, 0.3.7, 0.3.6, 0.3.4, 0.3.3, 0.3.2, 0.3.1, 0.3.0, 0.2.8, 0.2.7, 0.2.6, 0.2.4, 0.2.3, 0.2.2, 0.2.1, 0.2.0, 0.1.6, 0.1.5, 0.1.4, 0.1.3, 0.1.2, 0.1.1, 0.1.0
35 silly fetchPackageMetaData
35 silly fetchPackageMetaData     at pickVersionFromRegistryDocument (/usr/local/lib/node_modules/npm/lib/fetch-package-metadata.js:156:16)
35 silly fetchPackageMetaData     at /usr/local/lib/node_modules/npm/node_modules/iferr/index.js:13:50
35 silly fetchPackageMetaData     at /usr/local/lib/node_modules/npm/lib/utils/pulse-till-done.js:19:8
35 silly fetchPackageMetaData     at saved (/usr/local/lib/node_modules/npm/lib/cache/caching-client.js:168:7)
35 silly fetchPackageMetaData     at /usr/local/lib/node_modules/npm/node_modules/graceful-fs/polyfills.js:210:7
35 silly fetchPackageMetaData     at FSReqWrap.oncomplete (fs.js:82:15)
35 silly fetchPackageMetaData  error for webpack@^1.13.0 [Error: No compatible version found: webpack@^1.13.0
35 silly fetchPackageMetaData Valid install targets:
35 silly fetchPackageMetaData 2.0.2-beta, 2.0.1-beta, 2.0.0-beta, 1.12.9, 1.12.8, 1.12.7, 1.12.6, 1.12.5, 1.12.4, 1.12.3, 1.12.2, 1.12.1, 1.12.0, 1.11.0, 1.10.5, 1.10.4, 1.10.3, 1.10.2, 1.10.1, 1.10.0, 1.9.13, 1.9.12, 1.9.11, 1.9.10, 1.9.9, 1.9.8, 1.9.7, 1.9.6, 1.9.5, 1.9.4, 1.9.3, 1.9.2, 1.9.1, 1.9.0, 1.8.11, 1.8.10, 1.8.9, 1.8.8, 1.8.7, 1.8.6, 1.8.5, 1.8.4, 1.8.3, 1.8.2, 1.8.1, 1.8.0, 1.7.3, 1.7.2, 1.7.1, 1.7.0, 1.6.0, 1.5.3, 1.5.2, 1.5.1, 1.5.0, 1.4.15, 1.4.14, 1.4.13, 1.4.12, 1.4.11, 1.4.10, 1.4.9, 1.4.8, 1.4.7, 1.4.6, 1.4.5, 1.4.4, 1.4.3, 1.4.2, 1.4.1-beta1, 1.4.0-beta9, 1.4.0-beta8, 1.4.0-beta7, 1.4.0-beta6, 1.4.0-beta5, 1.4.0-beta4, 1.4.0-beta3, 1.4.0-beta2, 1.4.0-beta10, 1.4.0-beta1, 1.3.7, 1.3.6, 1.3.5, 1.3.4, 1.3.3-beta2, 1.3.3-beta1, 1.3.2-beta9, 1.3.2-beta8, 1.3.2-beta7, 1.3.2-beta6, 1.3.2-beta5, 1.3.2-beta4, 1.3.2-beta3, 1.3.2-beta2, 1.3.2-beta1, 1.3.1-beta9, 1.3.1-beta8, 1.3.1-beta7, 1.3.1-beta6, 1.3.1-beta5, 1.3.1-beta4, 1.3.1-beta3, 1.3.1-beta2, 1.3.1-beta1, 1.3.0-beta9, 1.3.0-beta8, 1.3.0-beta7, 1.3.0-beta6, 1.3.0-beta5, 1.3.0-beta4, 1.3.0-beta3, 1.3.0-beta2, 1.3.0-beta1, 1.2.0-beta6, 1.2.0-beta5, 1.2.0-beta4, 1.2.0-beta2, 1.2.0-beta1, 1.1.11, 1.1.10, 1.1.9, 1.1.8, 1.1.7, 1.1.6, 1.1.5, 1.1.4, 1.1.3, 1.1.2, 1.1.1, 1.1.0, 1.1.0-beta9, 1.1.0-beta8, 1.1.0-beta7, 1.1.0-beta6, 1.1.0-beta5, 1.1.0-beta4, 1.1.0-beta3, 1.1.0-beta2, 1.1.0-beta12, 1.1.0-beta10, 1.1.0-beta1, 1.0.5, 1.0.4, 1.0.3, 1.0.1, 1.0.0, 1.0.0-rc9, 1.0.0-rc8, 1.0.0-rc7, 1.0.0-rc5, 1.0.0-rc4, 1.0.0-rc3, 1.0.0-rc2, 1.0.0-rc12, 1.0.0-rc11, 1.0.0-rc1, 1.0.0-beta9, 1.0.0-beta8, 1.0.0-beta7, 1.0.0-beta6, 1.0.0-beta5, 1.0.0-beta4, 1.0.0-beta3, 1.0.0-beta2, 1.0.0-beta1, 0.11.18, 0.11.17, 0.11.16, 0.11.15, 0.11.14, 0.11.13, 0.11.12, 0.11.11, 0.11.10, 0.11.9, 0.11.8, 0.11.7, 0.11.6, 0.11.5, 0.11.4, 0.11.3, 0.11.2, 0.11.1, 0.11.0, 0.11.0-beta9, 0.11.0-beta8, 0.11.0-beta7, 0.11.0-beta6, 0.11.0-beta5, 0.11.0-beta4, 0.11.0-beta3, 0.11.0-beta29, 0.11.0-beta28, 0.11.0-beta27, 0.11.0-beta26, 0.11.0-beta25, 0.11.0-beta24, 0.11.0-beta23, 0.11.0-beta22, 0.11.0-beta21, 0.11.0-beta20, 0.11.0-beta2, 0.11.0-beta19, 0.11.0-beta18, 0.11.0-beta17, 0.11.0-beta16, 0.11.0-beta15, 0.11.0-beta14, 0.11.0-beta13, 0.11.0-beta12, 0.11.0-beta11, 0.11.0-beta10, 0.11.0-beta1, 0.10.0, 0.10.0-beta9, 0.10.0-beta8, 0.10.0-beta7, 0.10.0-beta6, 0.10.0-beta5, 0.10.0-beta3, 0.10.0-beta25, 0.10.0-beta24, 0.10.0-beta23, 0.10.0-beta22, 0.10.0-beta21, 0.10.0-beta20, 0.10.0-beta2, 0.10.0-beta19, 0.10.0-beta18, 0.10.0-beta17, 0.10.0-beta16, 0.10.0-beta15, 0.10.0-beta14, 0.10.0-beta13, 0.10.0-beta12, 0.10.0-beta11, 0.10.0-beta10, 0.9.3, 0.9.2, 0.9.1, 0.9.0, 0.9.0-beta9, 0.9.0-beta8, 0.9.0-beta7, 0.9.0-beta6, 0.9.0-beta5, 0.9.0-beta4, 0.9.0-beta38, 0.9.0-beta37, 0.9.0-beta36, 0.9.0-beta35, 0.9.0-beta34, 0.9.0-beta33, 0.9.0-beta32, 0.9.0-beta31, 0.9.0-beta30, 0.9.0-beta29, 0.9.0-beta28, 0.9.0-beta27, 0.9.0-beta26, 0.9.0-beta25, 0.9.0-beta24, 0.9.0-beta23, 0.9.0-beta22, 0.9.0-beta21, 0.9.0-beta20, 0.9.0-beta2, 0.9.0-beta19, 0.9.0-beta18, 0.9.0-beta17, 0.9.0-beta16, 0.9.0-beta15, 0.9.0-beta14, 0.9.0-beta13, 0.9.0-beta12, 0.9.0-beta11, 0.9.0-beta10, 0.9.0-beta1, 0.8.3, 0.8.2, 0.8.0, 0.8.0-beta4, 0.8.0-beta3, 0.8.0-beta2, 0.8.0-beta1, 0.7.17, 0.7.16, 0.7.15, 0.7.14, 0.7.13, 0.7.12, 0.7.11, 0.7.9, 0.7.8, 0.7.7, 0.7.6, 0.7.5, 0.7.4, 0.7.3, 0.7.2, 0.7.1, 0.7.0, 0.7.0-beta8, 0.7.0-beta7, 0.7.0-beta6, 0.7.0-beta5, 0.7.0-beta4, 0.7.0-beta3, 0.7.0-beta2, 0.7.0-beta, 0.6.2, 0.6.1, 0.6.0, 0.5.10, 0.5.8, 0.5.7, 0.5.6, 0.5.5, 0.5.4, 0.5.3, 0.5.2, 0.5.1, 0.5.0, 0.4.25, 0.4.24, 0.4.23, 0.4.21, 0.4.20, 0.4.19, 0.4.18, 0.4.17, 0.4.16, 0.4.15, 0.4.14, 0.4.13, 0.4.12, 0.4.11, 0.4.10, 0.4.9, 0.4.8, 0.4.7, 0.4.6, 0.4.5, 0.4.4, 0.4.3, 0.4.2, 0.4.1, 0.4.0, 0.3.20, 0.3.19, 0.3.18, 0.3.17, 0.3.16, 0.3.15, 0.3.14, 0.3.13, 0.3.12, 0.3.11, 0.3.10, 0.3.9, 0.3.8, 0.3.7, 0.3.6, 0.3.4, 0.3.3, 0.3.2, 0.3.1, 0.3.0, 0.2.8, 0.2.7, 0.2.6, 0.2.4, 0.2.3, 0.2.2, 0.2.1, 0.2.0, 0.1.6, 0.1.5, 0.1.4, 0.1.3, 0.1.2, 0.1.1, 0.1.0
35 silly fetchPackageMetaData ]
36 silly rollbackFailedOptional Starting
37 silly rollbackFailedOptional Finishing
38 silly runTopLevelLifecycles Starting
39 silly runTopLevelLifecycles Finishing
40 silly install printInstalled
41 verbose stack Error: No compatible version found: webpack@^1.13.0
41 verbose stack Valid install targets:
41 verbose stack 2.0.2-beta, 2.0.1-beta, 2.0.0-beta, 1.12.9, 1.12.8, 1.12.7, 1.12.6, 1.12.5, 1.12.4, 1.12.3, 1.12.2, 1.12.1, 1.12.0, 1.11.0, 1.10.5, 1.10.4, 1.10.3, 1.10.2, 1.10.1, 1.10.0, 1.9.13, 1.9.12, 1.9.11, 1.9.10, 1.9.9, 1.9.8, 1.9.7, 1.9.6, 1.9.5, 1.9.4, 1.9.3, 1.9.2, 1.9.1, 1.9.0, 1.8.11, 1.8.10, 1.8.9, 1.8.8, 1.8.7, 1.8.6, 1.8.5, 1.8.4, 1.8.3, 1.8.2, 1.8.1, 1.8.0, 1.7.3, 1.7.2, 1.7.1, 1.7.0, 1.6.0, 1.5.3, 1.5.2, 1.5.1, 1.5.0, 1.4.15, 1.4.14, 1.4.13, 1.4.12, 1.4.11, 1.4.10, 1.4.9, 1.4.8, 1.4.7, 1.4.6, 1.4.5, 1.4.4, 1.4.3, 1.4.2, 1.4.1-beta1, 1.4.0-beta9, 1.4.0-beta8, 1.4.0-beta7, 1.4.0-beta6, 1.4.0-beta5, 1.4.0-beta4, 1.4.0-beta3, 1.4.0-beta2, 1.4.0-beta10, 1.4.0-beta1, 1.3.7, 1.3.6, 1.3.5, 1.3.4, 1.3.3-beta2, 1.3.3-beta1, 1.3.2-beta9, 1.3.2-beta8, 1.3.2-beta7, 1.3.2-beta6, 1.3.2-beta5, 1.3.2-beta4, 1.3.2-beta3, 1.3.2-beta2, 1.3.2-beta1, 1.3.1-beta9, 1.3.1-beta8, 1.3.1-beta7, 1.3.1-beta6, 1.3.1-beta5, 1.3.1-beta4, 1.3.1-beta3, 1.3.1-beta2, 1.3.1-beta1, 1.3.0-beta9, 1.3.0-beta8, 1.3.0-beta7, 1.3.0-beta6, 1.3.0-beta5, 1.3.0-beta4, 1.3.0-beta3, 1.3.0-beta2, 1.3.0-beta1, 1.2.0-beta6, 1.2.0-beta5, 1.2.0-beta4, 1.2.0-beta2, 1.2.0-beta1, 1.1.11, 1.1.10, 1.1.9, 1.1.8, 1.1.7, 1.1.6, 1.1.5, 1.1.4, 1.1.3, 1.1.2, 1.1.1, 1.1.0, 1.1.0-beta9, 1.1.0-beta8, 1.1.0-beta7, 1.1.0-beta6, 1.1.0-beta5, 1.1.0-beta4, 1.1.0-beta3, 1.1.0-beta2, 1.1.0-beta12, 1.1.0-beta10, 1.1.0-beta1, 1.0.5, 1.0.4, 1.0.3, 1.0.1, 1.0.0, 1.0.0-rc9, 1.0.0-rc8, 1.0.0-rc7, 1.0.0-rc5, 1.0.0-rc4, 1.0.0-rc3, 1.0.0-rc2, 1.0.0-rc12, 1.0.0-rc11, 1.0.0-rc1, 1.0.0-beta9, 1.0.0-beta8, 1.0.0-beta7, 1.0.0-beta6, 1.0.0-beta5, 1.0.0-beta4, 1.0.0-beta3, 1.0.0-beta2, 1.0.0-beta1, 0.11.18, 0.11.17, 0.11.16, 0.11.15, 0.11.14, 0.11.13, 0.11.12, 0.11.11, 0.11.10, 0.11.9, 0.11.8, 0.11.7, 0.11.6, 0.11.5, 0.11.4, 0.11.3, 0.11.2, 0.11.1, 0.11.0, 0.11.0-beta9, 0.11.0-beta8, 0.11.0-beta7, 0.11.0-beta6, 0.11.0-beta5, 0.11.0-beta4, 0.11.0-beta3, 0.11.0-beta29, 0.11.0-beta28, 0.11.0-beta27, 0.11.0-beta26, 0.11.0-beta25, 0.11.0-beta24, 0.11.0-beta23, 0.11.0-beta22, 0.11.0-beta21, 0.11.0-beta20, 0.11.0-beta2, 0.11.0-beta19, 0.11.0-beta18, 0.11.0-beta17, 0.11.0-beta16, 0.11.0-beta15, 0.11.0-beta14, 0.11.0-beta13, 0.11.0-beta12, 0.11.0-beta11, 0.11.0-beta10, 0.11.0-beta1, 0.10.0, 0.10.0-beta9, 0.10.0-beta8, 0.10.0-beta7, 0.10.0-beta6, 0.10.0-beta5, 0.10.0-beta3, 0.10.0-beta25, 0.10.0-beta24, 0.10.0-beta23, 0.10.0-beta22, 0.10.0-beta21, 0.10.0-beta20, 0.10.0-beta2, 0.10.0-beta19, 0.10.0-beta18, 0.10.0-beta17, 0.10.0-beta16, 0.10.0-beta15, 0.10.0-beta14, 0.10.0-beta13, 0.10.0-beta12, 0.10.0-beta11, 0.10.0-beta10, 0.9.3, 0.9.2, 0.9.1, 0.9.0, 0.9.0-beta9, 0.9.0-beta8, 0.9.0-beta7, 0.9.0-beta6, 0.9.0-beta5, 0.9.0-beta4, 0.9.0-beta38, 0.9.0-beta37, 0.9.0-beta36, 0.9.0-beta35, 0.9.0-beta34, 0.9.0-beta33, 0.9.0-beta32, 0.9.0-beta31, 0.9.0-beta30, 0.9.0-beta29, 0.9.0-beta28, 0.9.0-beta27, 0.9.0-beta26, 0.9.0-beta25, 0.9.0-beta24, 0.9.0-beta23, 0.9.0-beta22, 0.9.0-beta21, 0.9.0-beta20, 0.9.0-beta2, 0.9.0-beta19, 0.9.0-beta18, 0.9.0-beta17, 0.9.0-beta16, 0.9.0-beta15, 0.9.0-beta14, 0.9.0-beta13, 0.9.0-beta12, 0.9.0-beta11, 0.9.0-beta10, 0.9.0-beta1, 0.8.3, 0.8.2, 0.8.0, 0.8.0-beta4, 0.8.0-beta3, 0.8.0-beta2, 0.8.0-beta1, 0.7.17, 0.7.16, 0.7.15, 0.7.14, 0.7.13, 0.7.12, 0.7.11, 0.7.9, 0.7.8, 0.7.7, 0.7.6, 0.7.5, 0.7.4, 0.7.3, 0.7.2, 0.7.1, 0.7.0, 0.7.0-beta8, 0.7.0-beta7, 0.7.0-beta6, 0.7.0-beta5, 0.7.0-beta4, 0.7.0-beta3, 0.7.0-beta2, 0.7.0-beta, 0.6.2, 0.6.1, 0.6.0, 0.5.10, 0.5.8, 0.5.7, 0.5.6, 0.5.5, 0.5.4, 0.5.3, 0.5.2, 0.5.1, 0.5.0, 0.4.25, 0.4.24, 0.4.23, 0.4.21, 0.4.20, 0.4.19, 0.4.18, 0.4.17, 0.4.16, 0.4.15, 0.4.14, 0.4.13, 0.4.12, 0.4.11, 0.4.10, 0.4.9, 0.4.8, 0.4.7, 0.4.6, 0.4.5, 0.4.4, 0.4.3, 0.4.2, 0.4.1, 0.4.0, 0.3.20, 0.3.19, 0.3.18, 0.3.17, 0.3.16, 0.3.15, 0.3.14, 0.3.13, 0.3.12, 0.3.11, 0.3.10, 0.3.9, 0.3.8, 0.3.7, 0.3.6, 0.3.4, 0.3.3, 0.3.2, 0.3.1, 0.3.0, 0.2.8, 0.2.7, 0.2.6, 0.2.4, 0.2.3, 0.2.2, 0.2.1, 0.2.0, 0.1.6, 0.1.5, 0.1.4, 0.1.3, 0.1.2, 0.1.1, 0.1.0
41 verbose stack
41 verbose stack     at pickVersionFromRegistryDocument (/usr/local/lib/node_modules/npm/lib/fetch-package-metadata.js:156:16)
41 verbose stack     at /usr/local/lib/node_modules/npm/node_modules/iferr/index.js:13:50
41 verbose stack     at /usr/local/lib/node_modules/npm/lib/utils/pulse-till-done.js:19:8
41 verbose stack     at saved (/usr/local/lib/node_modules/npm/lib/cache/caching-client.js:168:7)
41 verbose stack     at /usr/local/lib/node_modules/npm/node_modules/graceful-fs/polyfills.js:210:7
41 verbose stack     at FSReqWrap.oncomplete (fs.js:82:15)
42 verbose cwd /Users/cwhitfield/Desktop/rtsupport
43 error Darwin 14.5.0
44 error argv "/usr/local/Cellar/node/5.3.0/bin/node" "/usr/local/bin/npm" "install"
45 error node v5.3.0
46 error npm  v3.3.12
47 error No compatible version found: webpack@^1.13.0
47 error Valid install targets:
47 error 2.0.2-beta, 2.0.1-beta, 2.0.0-beta, 1.12.9, 1.12.8, 1.12.7, 1.12.6, 1.12.5, 1.12.4, 1.12.3, 1.12.2, 1.12.1, 1.12.0, 1.11.0, 1.10.5, 1.10.4, 1.10.3, 1.10.2, 1.10.1, 1.10.0, 1.9.13, 1.9.12, 1.9.11, 1.9.10, 1.9.9, 1.9.8, 1.9.7, 1.9.6, 1.9.5, 1.9.4, 1.9.3, 1.9.2, 1.9.1, 1.9.0, 1.8.11, 1.8.10, 1.8.9, 1.8.8, 1.8.7, 1.8.6, 1.8.5, 1.8.4, 1.8.3, 1.8.2, 1.8.1, 1.8.0, 1.7.3, 1.7.2, 1.7.1, 1.7.0, 1.6.0, 1.5.3, 1.5.2, 1.5.1, 1.5.0, 1.4.15, 1.4.14, 1.4.13, 1.4.12, 1.4.11, 1.4.10, 1.4.9, 1.4.8, 1.4.7, 1.4.6, 1.4.5, 1.4.4, 1.4.3, 1.4.2, 1.4.1-beta1, 1.4.0-beta9, 1.4.0-beta8, 1.4.0-beta7, 1.4.0-beta6, 1.4.0-beta5, 1.4.0-beta4, 1.4.0-beta3, 1.4.0-beta2, 1.4.0-beta10, 1.4.0-beta1, 1.3.7, 1.3.6, 1.3.5, 1.3.4, 1.3.3-beta2, 1.3.3-beta1, 1.3.2-beta9, 1.3.2-beta8, 1.3.2-beta7, 1.3.2-beta6, 1.3.2-beta5, 1.3.2-beta4, 1.3.2-beta3, 1.3.2-beta2, 1.3.2-beta1, 1.3.1-beta9, 1.3.1-beta8, 1.3.1-beta7, 1.3.1-beta6, 1.3.1-beta5, 1.3.1-beta4, 1.3.1-beta3, 1.3.1-beta2, 1.3.1-beta1, 1.3.0-beta9, 1.3.0-beta8, 1.3.0-beta7, 1.3.0-beta6, 1.3.0-beta5, 1.3.0-beta4, 1.3.0-beta3, 1.3.0-beta2, 1.3.0-beta1, 1.2.0-beta6, 1.2.0-beta5, 1.2.0-beta4, 1.2.0-beta2, 1.2.0-beta1, 1.1.11, 1.1.10, 1.1.9, 1.1.8, 1.1.7, 1.1.6, 1.1.5, 1.1.4, 1.1.3, 1.1.2, 1.1.1, 1.1.0, 1.1.0-beta9, 1.1.0-beta8, 1.1.0-beta7, 1.1.0-beta6, 1.1.0-beta5, 1.1.0-beta4, 1.1.0-beta3, 1.1.0-beta2, 1.1.0-beta12, 1.1.0-beta10, 1.1.0-beta1, 1.0.5, 1.0.4, 1.0.3, 1.0.1, 1.0.0, 1.0.0-rc9, 1.0.0-rc8, 1.0.0-rc7, 1.0.0-rc5, 1.0.0-rc4, 1.0.0-rc3, 1.0.0-rc2, 1.0.0-rc12, 1.0.0-rc11, 1.0.0-rc1, 1.0.0-beta9, 1.0.0-beta8, 1.0.0-beta7, 1.0.0-beta6, 1.0.0-beta5, 1.0.0-beta4, 1.0.0-beta3, 1.0.0-beta2, 1.0.0-beta1, 0.11.18, 0.11.17, 0.11.16, 0.11.15, 0.11.14, 0.11.13, 0.11.12, 0.11.11, 0.11.10, 0.11.9, 0.11.8, 0.11.7, 0.11.6, 0.11.5, 0.11.4, 0.11.3, 0.11.2, 0.11.1, 0.11.0, 0.11.0-beta9, 0.11.0-beta8, 0.11.0-beta7, 0.11.0-beta6, 0.11.0-beta5, 0.11.0-beta4, 0.11.0-beta3, 0.11.0-beta29, 0.11.0-beta28, 0.11.0-beta27, 0.11.0-beta26, 0.11.0-beta25, 0.11.0-beta24, 0.11.0-beta23, 0.11.0-beta22, 0.11.0-beta21, 0.11.0-beta20, 0.11.0-beta2, 0.11.0-beta19, 0.11.0-beta18, 0.11.0-beta17, 0.11.0-beta16, 0.11.0-beta15, 0.11.0-beta14, 0.11.0-beta13, 0.11.0-beta12, 0.11.0-beta11, 0.11.0-beta10, 0.11.0-beta1, 0.10.0, 0.10.0-beta9, 0.10.0-beta8, 0.10.0-beta7, 0.10.0-beta6, 0.10.0-beta5, 0.10.0-beta3, 0.10.0-beta25, 0.10.0-beta24, 0.10.0-beta23, 0.10.0-beta22, 0.10.0-beta21, 0.10.0-beta20, 0.10.0-beta2, 0.10.0-beta19, 0.10.0-beta18, 0.10.0-beta17, 0.10.0-beta16, 0.10.0-beta15, 0.10.0-beta14, 0.10.0-beta13, 0.10.0-beta12, 0.10.0-beta11, 0.10.0-beta10, 0.9.3, 0.9.2, 0.9.1, 0.9.0, 0.9.0-beta9, 0.9.0-beta8, 0.9.0-beta7, 0.9.0-beta6, 0.9.0-beta5, 0.9.0-beta4, 0.9.0-beta38, 0.9.0-beta37, 0.9.0-beta36, 0.9.0-beta35, 0.9.0-beta34, 0.9.0-beta33, 0.9.0-beta32, 0.9.0-beta31, 0.9.0-beta30, 0.9.0-beta29, 0.9.0-beta28, 0.9.0-beta27, 0.9.0-beta26, 0.9.0-beta25, 0.9.0-beta24, 0.9.0-beta23, 0.9.0-beta22, 0.9.0-beta21, 0.9.0-beta20, 0.9.0-beta2, 0.9.0-beta19, 0.9.0-beta18, 0.9.0-beta17, 0.9.0-beta16, 0.9.0-beta15, 0.9.0-beta14, 0.9.0-beta13, 0.9.0-beta12, 0.9.0-beta11, 0.9.0-beta10, 0.9.0-beta1, 0.8.3, 0.8.2, 0.8.0, 0.8.0-beta4, 0.8.0-beta3, 0.8.0-beta2, 0.8.0-beta1, 0.7.17, 0.7.16, 0.7.15, 0.7.14, 0.7.13, 0.7.12, 0.7.11, 0.7.9, 0.7.8, 0.7.7, 0.7.6, 0.7.5, 0.7.4, 0.7.3, 0.7.2, 0.7.1, 0.7.0, 0.7.0-beta8, 0.7.0-beta7, 0.7.0-beta6, 0.7.0-beta5, 0.7.0-beta4, 0.7.0-beta3, 0.7.0-beta2, 0.7.0-beta, 0.6.2, 0.6.1, 0.6.0, 0.5.10, 0.5.8, 0.5.7, 0.5.6, 0.5.5, 0.5.4, 0.5.3, 0.5.2, 0.5.1, 0.5.0, 0.4.25, 0.4.24, 0.4.23, 0.4.21, 0.4.20, 0.4.19, 0.4.18, 0.4.17, 0.4.16, 0.4.15, 0.4.14, 0.4.13, 0.4.12, 0.4.11, 0.4.10, 0.4.9, 0.4.8, 0.4.7, 0.4.6, 0.4.5, 0.4.4, 0.4.3, 0.4.2, 0.4.1, 0.4.0, 0.3.20, 0.3.19, 0.3.18, 0.3.17, 0.3.16, 0.3.15, 0.3.14, 0.3.13, 0.3.12, 0.3.11, 0.3.10, 0.3.9, 0.3.8, 0.3.7, 0.3.6, 0.3.4, 0.3.3, 0.3.2, 0.3.1, 0.3.0, 0.2.8, 0.2.7, 0.2.6, 0.2.4, 0.2.3, 0.2.2, 0.2.1, 0.2.0, 0.1.6, 0.1.5, 0.1.4, 0.1.3, 0.1.2, 0.1.1, 0.1.0
48 error If you need help, you may report this error at:
48 error     <https://github.com/npm/npm/issues>
49 verbose exit [ 1, true ]
